{"numFailedTestSuites":1,"numFailedTests":0,"numPassedTestSuites":0,"numPassedTests":0,"numPendingTestSuites":0,"numPendingTests":0,"numRuntimeErrorTestSuites":1,"numTodoTests":0,"numTotalTestSuites":1,"numTotalTests":0,"openHandles":[],"snapshot":{"added":0,"didUpdate":false,"failure":false,"filesAdded":0,"filesRemoved":0,"filesRemovedList":[],"filesUnmatched":0,"filesUpdated":0,"matched":0,"total":0,"unchecked":0,"uncheckedKeysByFile":[],"unmatched":0,"updated":0},"startTime":1772385745093,"success":false,"testResults":[{"assertionResults":[],"coverage":{},"endTime":1772385745537,"message":"  ??Test suite failed to run\n\n    Cannot find module '../../../../shared/lib/supabase.server' from 'src/features/auth/application/loginAction.ts'\n\n    Require stack:\n      src/features/auth/application/loginAction.ts\n      src/features/auth/application/loginAction.test.ts\n\n    \u001b[0m \u001b[90m 10 |\u001b[39m     \u001b[90m// 媛꾨떒???좏슚??寃利?u001b[39m\n     \u001b[90m 11 |\u001b[39m     \u001b[36mif\u001b[39m (\u001b[33m!\u001b[39memail \u001b[33m||\u001b[39m \u001b[33m!\u001b[39mpassword) {\n    \u001b[31m\u001b[1m>\u001b[22m\u001b[39m\u001b[90m 12 |\u001b[39m         \u001b[36mreturn\u001b[39m { error\u001b[33m:\u001b[39m \u001b[32m'?대찓?쇨낵 鍮꾨?踰덊샇瑜?紐⑤몢 ?낅젰?댁＜?몄슂.'\u001b[39m }\n     \u001b[90m    |\u001b[39m                         \u001b[31m\u001b[1m^\u001b[22m\u001b[39m\n     \u001b[90m 13 |\u001b[39m     }\n     \u001b[90m 14 |\u001b[39m\n     \u001b[90m 15 |\u001b[39m     \u001b[36mconst\u001b[39m supabase \u001b[33m=\u001b[39m \u001b[36mawait\u001b[39m createClient()\u001b[0m\n\n      at Resolver._throwModNotFoundError (node_modules/jest-resolve/build/index.js:863:11)\n      at Object.<anonymous> (src/features/auth/application/loginAction.ts:12:25)\n      at Object.<anonymous> (src/features/auth/application/loginAction.test.ts:12:22)\n","name":"C:\\Users\\asia\\Desktop\\mall-dashboard\\src\\features\\auth\\application\\loginAction.test.ts","startTime":1772385745537,"status":"failed","summary":""}],"wasInterrupted":false}
